  NESTRIS.cpp
  ActiveInputs.cpp
  APU.cpp
  ConfigReader.cpp
  ConsoleManager.cpp
  Engine.cpp
  enums.cpp
  Input.cpp
C:\Users\Owner\source\repos\NESTRIS-try4\src\Input.cpp(31): warning C4390: ';': empty controlled statement found; is this the intent?
  LevelLines.cpp
  MatrixContainer.cpp
  OutputInfo.cpp
  PFMatrix.cpp
  Piece.cpp
  PieceContainer.cpp
  random.cpp
  Renderer.cpp
  RenderHighScore.cpp
  RenderLevelSelect.cpp
  RenderPlayField.cpp
  Score.cpp
  Generating Code...
  Compiling...
  Sound.cpp
C:\Users\Owner\source\repos\NESTRIS-try4\src\Sound.cpp(15): warning C4390: ';': empty controlled statement found; is this the intent?
C:\Users\Owner\source\repos\NESTRIS-try4\src\Sound.cpp(20): warning C4390: ';': empty controlled statement found; is this the intent?
  Sprite.cpp
  Statistics.cpp
  TextWriter.cpp
  TileContainer.cpp
  TileRenderer.cpp
  Window.cpp
  Generating Code...
LINK : fatal error LNK1104: cannot open file 'sfml-graphics-d.lib'
